<?xml version="1.0" encoding="UTF-8"?>
<!-- Generated by org.testng.reporters.JUnitReportReporter -->
<testsuite skipped="0" hostname="USER-PC" name="Testcases.TC_01" tests="1" failures="0" timestamp="26 Jul 2018 04:58:02 GMT" time="7.441" errors="0">
  <testcase name="TC_01_signin" time="7.441" classname="Testcases.TC_01"/>
</testsuite> <!-- Testcases.TC_01 -->
